[3148:18568:0409/122827.684:WARNING:chrome_main_delegate.cc(745)] This is Chrome version 128.0.6613.138 (not a warning)
[15492:15100:0409/122827.684:WARNING:chrome_main_delegate.cc(745)] This is Chrome version 128.0.6613.138 (not a warning)
[3148:9232:0409/122827.877:WARNING:dns_config_service_win.cc(605)] Failed to read DnsConfig.
[3148:18568:0409/122828.102:WARNING:account_consistency_mode_manager.cc(77)] Desktop Identity Consistency cannot be enabled as no OAuth client ID and client secret have been configured.
[20712:19144:0409/122828.166:WARNING:dns_config_service_win.cc(605)] Failed to read DnsConfig.
[3148:9232:0409/122832.883:WARNING:dns_config_service_win.cc(605)] Failed to read DnsConfig.
[20712:19144:0409/122833.192:WARNING:dns_config_service_win.cc(605)] Failed to read DnsConfig.
[14844:17436:0409/122836.929:WARNING:frame_impl.cc(430)] virtual CefFrameImpl::SendProcessMessage sent to detached frame 5-D8EA1F4D8D15FB8D1532B0E91C1B81B4 will be ignored
[18992:19004:0409/122837.343:WARNING:frame_impl.cc(430)] virtual CefFrameImpl::SendProcessMessage sent to detached frame 6-209AFDBE284FC8716FD6782898DA3CDD will be ignored
[20656:20700:0409/122837.436:ERROR:shared_image_manager.cc(224)] SharedImageManager::ProduceSkia: Trying to Produce a Skia representation from a non-existent mailbox.
[3148:18568:0409/122837.440:ERROR:device_event_log_impl.cc(196)] [12:28:37.439] USB: usb_service_win.cc:445 Failed to parse device interface GUID:
[3148:9232:0409/122842.889:WARNING:dns_config_service_win.cc(605)] Failed to read DnsConfig.
[20712:19144:0409/122843.207:WARNING:dns_config_service_win.cc(605)] Failed to read DnsConfig.
[3148:18568:0409/122852.250:ERROR:device_event_log_impl.cc(196)] [12:28:52.242] USB: usb_service_win.cc:105 SetupDiGetDeviceProperty({{A45C254E-DF1C-4EFD-8020-67D146A850E0}, 6}) failed: Element not found. (0x490)
[3148:9232:0409/122902.894:WARNING:dns_config_service_win.cc(605)] Failed to read DnsConfig.
[20712:19144:0409/122903.223:WARNING:dns_config_service_win.cc(605)] Failed to read DnsConfig.
[3148:4832:0409/123608.740:WARNING:dns_config_service_win.cc(605)] Failed to read DnsConfig.
[20712:17996:0409/123608.741:WARNING:dns_config_service_win.cc(605)] Failed to read DnsConfig.
[3148:9232:0409/123613.745:WARNING:dns_config_service_win.cc(605)] Failed to read DnsConfig.
[20712:15228:0409/123613.754:WARNING:dns_config_service_win.cc(605)] Failed to read DnsConfig.
[3148:9232:0409/123623.751:WARNING:dns_config_service_win.cc(605)] Failed to read DnsConfig.
[20712:16232:0409/123623.765:WARNING:dns_config_service_win.cc(605)] Failed to read DnsConfig.
[3148:9232:0409/123643.756:WARNING:dns_config_service_win.cc(605)] Failed to read DnsConfig.
[20712:15976:0409/123643.779:WARNING:dns_config_service_win.cc(605)] Failed to read DnsConfig.
[3148:4832:0409/123648.851:WARNING:dns_config_service_win.cc(605)] Failed to read DnsConfig.
[20712:15976:0409/123648.856:WARNING:dns_config_service_win.cc(605)] Failed to read DnsConfig.
[3148:9232:0409/123648.917:WARNING:dns_config_service_win.cc(605)] Failed to read DnsConfig.
[20712:3460:0409/123648.929:WARNING:dns_config_service_win.cc(605)] Failed to read DnsConfig.
[20712:19144:0409/125103.882:WARNING:dns_config_service_win.cc(605)] Failed to read DnsConfig.
[3148:9232:0409/125103.885:WARNING:dns_config_service_win.cc(605)] Failed to read DnsConfig.
[20712:15808:0409/125104.540:WARNING:dns_config_service_win.cc(605)] Failed to read DnsConfig.
[3148:4832:0409/125104.558:WARNING:dns_config_service_win.cc(605)] Failed to read DnsConfig.
[20712:7496:0409/125109.560:WARNING:dns_config_service_win.cc(605)] Failed to read DnsConfig.
[3148:9232:0409/125109.565:WARNING:dns_config_service_win.cc(605)] Failed to read DnsConfig.
[3148:18568:0409/125110.133:ERROR:device_event_log_impl.cc(196)] [12:51:10.100] USB: usb_service_win.cc:105 SetupDiGetDeviceProperty({{A45C254E-DF1C-4EFD-8020-67D146A850E0}, 6}) failed: Element not found. (0x490)
[3148:9232:0409/125119.570:WARNING:dns_config_service_win.cc(605)] Failed to read DnsConfig.
[20712:15976:0409/125119.576:WARNING:dns_config_service_win.cc(605)] Failed to read DnsConfig.
[3148:9232:0409/125139.575:WARNING:dns_config_service_win.cc(605)] Failed to read DnsConfig.
[20712:16584:0409/125139.586:WARNING:dns_config_service_win.cc(605)] Failed to read DnsConfig.
[20712:19144:0409/132817.064:WARNING:dns_config_service_win.cc(605)] Failed to read DnsConfig.
[3148:9232:0409/132817.065:WARNING:dns_config_service_win.cc(605)] Failed to read DnsConfig.
[3148:4832:0409/132822.070:WARNING:dns_config_service_win.cc(605)] Failed to read DnsConfig.
[20712:19144:0409/132822.084:WARNING:dns_config_service_win.cc(605)] Failed to read DnsConfig.
[3148:9232:0409/132832.076:WARNING:dns_config_service_win.cc(605)] Failed to read DnsConfig.
[20712:19144:0409/132832.096:WARNING:dns_config_service_win.cc(605)] Failed to read DnsConfig.
[3148:9232:0409/132852.081:WARNING:dns_config_service_win.cc(605)] Failed to read DnsConfig.
[20712:19144:0409/132852.107:WARNING:dns_config_service_win.cc(605)] Failed to read DnsConfig.
[3148:18568:0409/133937.851:ERROR:device_event_log_impl.cc(196)] [13:39:37.834] USB: usb_service_win.cc:105 SetupDiGetDeviceProperty({{A45C254E-DF1C-4EFD-8020-67D146A850E0}, 6}) failed: Element not found. (0x490)
[3148:18568:0409/135108.653:WARNING:pref_notifier_impl.cc(41)] Pref observer for media_router.cast_allow_all_ips found at shutdown.
